{"/home/thenasker/projects/typeorm-test/src/modules/index.ts": {"path":"/home/thenasker/projects/typeorm-test/src/modules/index.ts","statementMap":{"0":{"start":{"line":1,"column":0},"end":{"line":1,"column":9}},"1":{"start":{"line":1,"column":9},"end":{"line":1,"column":55}},"2":{"start":{"line":2,"column":0},"end":{"line":2,"column":9}},"3":{"start":{"line":2,"column":9},"end":{"line":2,"column":42}},"4":{"start":{"line":3,"column":0},"end":{"line":3,"column":48}},"5":{"start":{"line":4,"column":0},"end":{"line":4,"column":40}},"6":{"start":{"line":5,"column":0},"end":{"line":5,"column":9}},"7":{"start":{"line":5,"column":9},"end":{"line":5,"column":61}},"8":{"start":{"line":6,"column":0},"end":{"line":6,"column":9}},"9":{"start":{"line":6,"column":9},"end":{"line":6,"column":48}},"10":{"start":{"line":7,"column":0},"end":{"line":7,"column":38}},"11":{"start":{"line":8,"column":0},"end":{"line":8,"column":9}},"12":{"start":{"line":8,"column":9},"end":{"line":8,"column":58}},"13":{"start":{"line":9,"column":0},"end":{"line":9,"column":9}},"14":{"start":{"line":9,"column":9},"end":{"line":9,"column":45}},"15":{"start":{"line":11,"column":13},"end":{"line":14,"column":null}}},"fnMap":{},"branchMap":{},"s":{"0":1,"1":1,"2":1,"3":1,"4":1,"5":1,"6":1,"7":1,"8":1,"9":1,"10":1,"11":1,"12":1,"13":1,"14":1,"15":1},"f":{},"b":{}}
,"/home/thenasker/projects/typeorm-test/src/modules/Offer/index.ts": {"path":"/home/thenasker/projects/typeorm-test/src/modules/Offer/index.ts","statementMap":{"0":{"start":{"line":1,"column":0},"end":{"line":1,"column":9}},"1":{"start":{"line":1,"column":9},"end":{"line":1,"column":52}},"2":{"start":{"line":2,"column":0},"end":{"line":2,"column":9}},"3":{"start":{"line":2,"column":9},"end":{"line":2,"column":39}},"4":{"start":{"line":3,"column":0},"end":{"line":3,"column":9}},"5":{"start":{"line":3,"column":9},"end":{"line":3,"column":45}}},"fnMap":{},"branchMap":{},"s":{"0":1,"1":1,"2":1,"3":1,"4":1,"5":1},"f":{},"b":{}}
,"/home/thenasker/projects/typeorm-test/src/modules/Offer/offer.entity.ts": {"path":"/home/thenasker/projects/typeorm-test/src/modules/Offer/offer.entity.ts","statementMap":{"0":{"start":{"line":1,"column":0},"end":{"line":1,"column":132}},"1":{"start":{"line":2,"column":0},"end":{"line":2,"column":43}},"2":{"start":{"line":5,"column":0},"end":{"line":5,"column":13}},"3":{"start":{"line":8,"column":4},"end":{"line":8,"column":null}},"4":{"start":{"line":11,"column":4},"end":{"line":11,"column":null}},"5":{"start":{"line":14,"column":4},"end":{"line":14,"column":null}},"6":{"start":{"line":18,"column":4},"end":{"line":18,"column":null}},"7":{"start":{"line":16,"column":23},"end":{"line":16,"column":29}},"8":{"start":{"line":16,"column":37},"end":{"line":16,"column":50}},"9":{"start":{"line":22,"column":4},"end":{"line":22,"column":null}},"10":{"start":{"line":20,"column":22},"end":{"line":20,"column":28}},"11":{"start":{"line":20,"column":36},"end":{"line":20,"column":48}},"12":{"start":{"line":25,"column":4},"end":{"line":25,"column":null}},"13":{"start":{"line":28,"column":4},"end":{"line":28,"column":null}},"14":{"start":{"line":31,"column":4},"end":{"line":31,"column":null}},"15":{"start":{"line":5,"column":13},"end":{"line":33,"column":null}},"16":{"start":{"line":33,"column":0},"end":{"line":33,"column":null}},"17":{"start":{"line":5,"column":13},"end":{"line":5,"column":18}}},"fnMap":{"0":{"name":"(anonymous_2)","decl":{"start":{"line":5,"column":0},"end":{"line":5,"column":13}},"loc":{"start":{"line":5,"column":0},"end":{"line":5,"column":13}}},"1":{"name":"(anonymous_4)","decl":{"start":{"line":16,"column":15},"end":{"line":16,"column":19}},"loc":{"start":{"line":16,"column":19},"end":{"line":16,"column":27}}},"2":{"name":"(anonymous_5)","decl":{"start":{"line":16,"column":29},"end":{"line":16,"column":33}},"loc":{"start":{"line":16,"column":33},"end":{"line":16,"column":41}}},"3":{"name":"(anonymous_6)","decl":{"start":{"line":20,"column":14},"end":{"line":20,"column":18}},"loc":{"start":{"line":20,"column":18},"end":{"line":20,"column":26}}},"4":{"name":"(anonymous_7)","decl":{"start":{"line":20,"column":28},"end":{"line":20,"column":32}},"loc":{"start":{"line":20,"column":32},"end":{"line":20,"column":40}}}},"branchMap":{},"s":{"0":1,"1":1,"2":1,"3":1,"4":1,"5":1,"6":1,"7":1,"8":1,"9":1,"10":1,"11":1,"12":1,"13":1,"14":1,"15":1,"16":1,"17":1},"f":{"0":2,"1":1,"2":1,"3":1,"4":1},"b":{}}
,"/home/thenasker/projects/typeorm-test/src/modules/Offer/offer.routes.ts": {"path":"/home/thenasker/projects/typeorm-test/src/modules/Offer/offer.routes.ts","statementMap":{"0":{"start":{"line":1,"column":0},"end":{"line":1,"column":52}},"1":{"start":{"line":3,"column":13},"end":{"line":45,"column":3}}},"fnMap":{},"branchMap":{},"s":{"0":1,"1":1},"f":{},"b":{}}
,"/home/thenasker/projects/typeorm-test/src/modules/Offer/offerController.ts": {"path":"/home/thenasker/projects/typeorm-test/src/modules/Offer/offerController.ts","statementMap":{"0":{"start":{"line":1,"column":0},"end":{"line":1,"column":38}},"1":{"start":{"line":3,"column":0},"end":{"line":3,"column":37}},"2":{"start":{"line":6,"column":0},"end":{"line":6,"column":31}},"3":{"start":{"line":7,"column":0},"end":{"line":7,"column":47}},"4":{"start":{"line":9,"column":0},"end":{"line":9,"column":13}},"5":{"start":{"line":11,"column":12},"end":{"line":11,"column":51}},"6":{"start":{"line":12,"column":12},"end":{"line":12,"column":49}},"7":{"start":{"line":14,"column":10},"end":{"line":17,"column":null}},"8":{"start":{"line":16,"column":8},"end":{"line":16,"column":43}},"9":{"start":{"line":19,"column":10},"end":{"line":21,"column":null}},"10":{"start":{"line":20,"column":8},"end":{"line":20,"column":63}},"11":{"start":{"line":23,"column":10},"end":{"line":50,"column":null}},"12":{"start":{"line":25,"column":25},"end":{"line":25,"column":null}},"13":{"start":{"line":25,"column":18},"end":{"line":25,"column":null}},"14":{"start":{"line":26,"column":12},"end":{"line":30,"column":null}},"15":{"start":{"line":27,"column":16},"end":{"line":29,"column":18}},"16":{"start":{"line":31,"column":12},"end":{"line":35,"column":null}},"17":{"start":{"line":32,"column":16},"end":{"line":34,"column":18}},"18":{"start":{"line":37,"column":26},"end":{"line":39,"column":null}},"19":{"start":{"line":37,"column":18},"end":{"line":39,"column":null}},"20":{"start":{"line":41,"column":12},"end":{"line":41,"column":36}},"21":{"start":{"line":42,"column":12},"end":{"line":42,"column":49}},"22":{"start":{"line":44,"column":12},"end":{"line":44,"column":25}},"23":{"start":{"line":46,"column":12},"end":{"line":48,"column":null}},"24":{"start":{"line":52,"column":10},"end":{"line":58,"column":null}},"25":{"start":{"line":54,"column":8},"end":{"line":54,"column":69}},"26":{"start":{"line":55,"column":8},"end":{"line":57,"column":10}},"27":{"start":{"line":60,"column":10},"end":{"line":73,"column":null}},"28":{"start":{"line":63,"column":26},"end":{"line":63,"column":null}},"29":{"start":{"line":63,"column":18},"end":{"line":63,"column":null}},"30":{"start":{"line":64,"column":12},"end":{"line":64,"column":63}},"31":{"start":{"line":65,"column":12},"end":{"line":65,"column":51}},"32":{"start":{"line":67,"column":12},"end":{"line":67,"column":25}},"33":{"start":{"line":69,"column":12},"end":{"line":71,"column":null}},"34":{"start":{"line":75,"column":10},"end":{"line":112,"column":null}},"35":{"start":{"line":78,"column":25},"end":{"line":78,"column":null}},"36":{"start":{"line":78,"column":18},"end":{"line":78,"column":null}},"37":{"start":{"line":79,"column":12},"end":{"line":83,"column":null}},"38":{"start":{"line":80,"column":16},"end":{"line":82,"column":18}},"39":{"start":{"line":84,"column":12},"end":{"line":88,"column":null}},"40":{"start":{"line":85,"column":16},"end":{"line":87,"column":18}},"41":{"start":{"line":90,"column":26},"end":{"line":90,"column":null}},"42":{"start":{"line":90,"column":18},"end":{"line":90,"column":null}},"43":{"start":{"line":91,"column":12},"end":{"line":95,"column":null}},"44":{"start":{"line":92,"column":16},"end":{"line":94,"column":18}},"45":{"start":{"line":97,"column":12},"end":{"line":101,"column":null}},"46":{"start":{"line":98,"column":16},"end":{"line":100,"column":18}},"47":{"start":{"line":103,"column":12},"end":{"line":103,"column":40}},"48":{"start":{"line":104,"column":12},"end":{"line":104,"column":51}},"49":{"start":{"line":106,"column":12},"end":{"line":106,"column":25}},"50":{"start":{"line":108,"column":12},"end":{"line":110,"column":null}},"51":{"start":{"line":114,"column":10},"end":{"line":133,"column":null}},"52":{"start":{"line":117,"column":26},"end":{"line":117,"column":null}},"53":{"start":{"line":117,"column":18},"end":{"line":117,"column":null}},"54":{"start":{"line":118,"column":12},"end":{"line":122,"column":null}},"55":{"start":{"line":119,"column":16},"end":{"line":121,"column":18}},"56":{"start":{"line":124,"column":12},"end":{"line":124,"column":56}},"57":{"start":{"line":125,"column":12},"end":{"line":125,"column":51}},"58":{"start":{"line":127,"column":12},"end":{"line":127,"column":25}},"59":{"start":{"line":129,"column":12},"end":{"line":131,"column":null}},"60":{"start":{"line":135,"column":0},"end":{"line":135,"column":null}},"61":{"start":{"line":9,"column":13},"end":{"line":9,"column":28}}},"fnMap":{"0":{"name":"(anonymous_14)","decl":{"start":{"line":9,"column":0},"end":{"line":9,"column":13}},"loc":{"start":{"line":9,"column":0},"end":{"line":135,"column":null}}},"1":{"name":"(anonymous_16)","decl":{"start":{"line":14,"column":4},"end":{"line":14,"column":10}},"loc":{"start":{"line":14,"column":70},"end":{"line":17,"column":null}}},"2":{"name":"(anonymous_19)","decl":{"start":{"line":19,"column":4},"end":{"line":19,"column":10}},"loc":{"start":{"line":19,"column":70},"end":{"line":21,"column":null}}},"3":{"name":"(anonymous_22)","decl":{"start":{"line":23,"column":4},"end":{"line":23,"column":10}},"loc":{"start":{"line":23,"column":70},"end":{"line":50,"column":null}}},"4":{"name":"(anonymous_25)","decl":{"start":{"line":52,"column":4},"end":{"line":52,"column":10}},"loc":{"start":{"line":52,"column":73},"end":{"line":58,"column":null}}},"5":{"name":"(anonymous_28)","decl":{"start":{"line":60,"column":4},"end":{"line":60,"column":10}},"loc":{"start":{"line":60,"column":73},"end":{"line":73,"column":null}}},"6":{"name":"(anonymous_31)","decl":{"start":{"line":75,"column":4},"end":{"line":75,"column":10}},"loc":{"start":{"line":75,"column":76},"end":{"line":112,"column":null}}},"7":{"name":"(anonymous_34)","decl":{"start":{"line":114,"column":4},"end":{"line":114,"column":10}},"loc":{"start":{"line":114,"column":75},"end":{"line":133,"column":null}}}},"branchMap":{"0":{"loc":{"start":{"line":26,"column":12},"end":{"line":30,"column":null}},"type":"if","locations":[{"start":{"line":26,"column":12},"end":{"line":30,"column":null}},{"start":{"line":26,"column":12},"end":{"line":30,"column":null}}]},"1":{"loc":{"start":{"line":31,"column":12},"end":{"line":35,"column":null}},"type":"if","locations":[{"start":{"line":31,"column":12},"end":{"line":35,"column":null}},{"start":{"line":31,"column":12},"end":{"line":35,"column":null}}]},"2":{"loc":{"start":{"line":79,"column":12},"end":{"line":83,"column":null}},"type":"if","locations":[{"start":{"line":79,"column":12},"end":{"line":83,"column":null}},{"start":{"line":79,"column":12},"end":{"line":83,"column":null}}]},"3":{"loc":{"start":{"line":84,"column":12},"end":{"line":88,"column":null}},"type":"if","locations":[{"start":{"line":84,"column":12},"end":{"line":88,"column":null}},{"start":{"line":84,"column":12},"end":{"line":88,"column":null}}]},"4":{"loc":{"start":{"line":91,"column":12},"end":{"line":95,"column":null}},"type":"if","locations":[{"start":{"line":91,"column":12},"end":{"line":95,"column":null}},{"start":{"line":91,"column":12},"end":{"line":95,"column":null}}]},"5":{"loc":{"start":{"line":97,"column":12},"end":{"line":101,"column":null}},"type":"if","locations":[{"start":{"line":97,"column":12},"end":{"line":101,"column":null}},{"start":{"line":97,"column":12},"end":{"line":101,"column":null}}]},"6":{"loc":{"start":{"line":118,"column":12},"end":{"line":122,"column":null}},"type":"if","locations":[{"start":{"line":118,"column":12},"end":{"line":122,"column":null}},{"start":{"line":118,"column":12},"end":{"line":122,"column":null}}]}},"s":{"0":1,"1":1,"2":1,"3":1,"4":1,"5":0,"6":0,"7":1,"8":0,"9":1,"10":0,"11":1,"12":0,"13":0,"14":0,"15":0,"16":0,"17":0,"18":0,"19":0,"20":0,"21":0,"22":0,"23":0,"24":1,"25":0,"26":0,"27":1,"28":0,"29":0,"30":0,"31":0,"32":0,"33":0,"34":1,"35":0,"36":0,"37":0,"38":0,"39":0,"40":0,"41":0,"42":0,"43":0,"44":0,"45":0,"46":0,"47":0,"48":0,"49":0,"50":0,"51":1,"52":0,"53":0,"54":0,"55":0,"56":0,"57":0,"58":0,"59":0,"60":1,"61":1},"f":{"0":1,"1":0,"2":0,"3":0,"4":0,"5":0,"6":0,"7":0},"b":{"0":[0,0],"1":[0,0],"2":[0,0],"3":[0,0],"4":[0,0],"5":[0,0],"6":[0,0]}}
,"/home/thenasker/projects/typeorm-test/src/modules/Resume/index.ts": {"path":"/home/thenasker/projects/typeorm-test/src/modules/Resume/index.ts","statementMap":{"0":{"start":{"line":1,"column":0},"end":{"line":1,"column":9}},"1":{"start":{"line":1,"column":9},"end":{"line":1,"column":54}},"2":{"start":{"line":2,"column":0},"end":{"line":2,"column":9}},"3":{"start":{"line":2,"column":9},"end":{"line":2,"column":41}},"4":{"start":{"line":3,"column":0},"end":{"line":3,"column":9}},"5":{"start":{"line":3,"column":9},"end":{"line":3,"column":47}}},"fnMap":{},"branchMap":{},"s":{"0":1,"1":1,"2":1,"3":1,"4":1,"5":1},"f":{},"b":{}}
,"/home/thenasker/projects/typeorm-test/src/modules/Resume/resume.entity.ts": {"path":"/home/thenasker/projects/typeorm-test/src/modules/Resume/resume.entity.ts","statementMap":{"0":{"start":{"line":1,"column":0},"end":{"line":1,"column":121}},"1":{"start":{"line":2,"column":0},"end":{"line":2,"column":43}},"2":{"start":{"line":10,"column":0},"end":{"line":10,"column":13}},"3":{"start":{"line":13,"column":4},"end":{"line":13,"column":null}},"4":{"start":{"line":16,"column":4},"end":{"line":16,"column":null}},"5":{"start":{"line":19,"column":4},"end":{"line":19,"column":null}},"6":{"start":{"line":22,"column":4},"end":{"line":22,"column":null}},"7":{"start":{"line":26,"column":4},"end":{"line":26,"column":null}},"8":{"start":{"line":24,"column":22},"end":{"line":24,"column":28}},"9":{"start":{"line":24,"column":36},"end":{"line":24,"column":49}},"10":{"start":{"line":29,"column":4},"end":{"line":29,"column":null}},"11":{"start":{"line":32,"column":4},"end":{"line":32,"column":null}},"12":{"start":{"line":10,"column":13},"end":{"line":34,"column":null}},"13":{"start":{"line":34,"column":0},"end":{"line":34,"column":null}},"14":{"start":{"line":10,"column":13},"end":{"line":10,"column":19}}},"fnMap":{"0":{"name":"(anonymous_2)","decl":{"start":{"line":10,"column":0},"end":{"line":10,"column":13}},"loc":{"start":{"line":10,"column":0},"end":{"line":10,"column":13}}},"1":{"name":"(anonymous_4)","decl":{"start":{"line":24,"column":14},"end":{"line":24,"column":18}},"loc":{"start":{"line":24,"column":18},"end":{"line":24,"column":26}}},"2":{"name":"(anonymous_5)","decl":{"start":{"line":24,"column":28},"end":{"line":24,"column":32}},"loc":{"start":{"line":24,"column":32},"end":{"line":24,"column":40}}}},"branchMap":{},"s":{"0":1,"1":1,"2":1,"3":1,"4":1,"5":1,"6":1,"7":1,"8":1,"9":1,"10":1,"11":1,"12":1,"13":1,"14":1},"f":{"0":2,"1":1,"2":1},"b":{}}
,"/home/thenasker/projects/typeorm-test/src/modules/Resume/resume.routes.ts": {"path":"/home/thenasker/projects/typeorm-test/src/modules/Resume/resume.routes.ts","statementMap":{"0":{"start":{"line":1,"column":0},"end":{"line":1,"column":54}},"1":{"start":{"line":3,"column":13},"end":{"line":33,"column":3}}},"fnMap":{},"branchMap":{},"s":{"0":1,"1":1},"f":{},"b":{}}
,"/home/thenasker/projects/typeorm-test/src/modules/Resume/resumeController.ts": {"path":"/home/thenasker/projects/typeorm-test/src/modules/Resume/resumeController.ts","statementMap":{"0":{"start":{"line":1,"column":0},"end":{"line":1,"column":38}},"1":{"start":{"line":3,"column":0},"end":{"line":3,"column":39}},"2":{"start":{"line":6,"column":0},"end":{"line":6,"column":31}},"3":{"start":{"line":7,"column":0},"end":{"line":7,"column":47}},"4":{"start":{"line":9,"column":0},"end":{"line":9,"column":13}},"5":{"start":{"line":11,"column":12},"end":{"line":11,"column":53}},"6":{"start":{"line":12,"column":12},"end":{"line":12,"column":49}},"7":{"start":{"line":14,"column":10},"end":{"line":18,"column":null}},"8":{"start":{"line":17,"column":8},"end":{"line":17,"column":44}},"9":{"start":{"line":20,"column":10},"end":{"line":23,"column":null}},"10":{"start":{"line":22,"column":8},"end":{"line":22,"column":64}},"11":{"start":{"line":25,"column":10},"end":{"line":53,"column":null}},"12":{"start":{"line":27,"column":25},"end":{"line":27,"column":null}},"13":{"start":{"line":27,"column":18},"end":{"line":27,"column":null}},"14":{"start":{"line":28,"column":12},"end":{"line":32,"column":null}},"15":{"start":{"line":29,"column":16},"end":{"line":31,"column":18}},"16":{"start":{"line":33,"column":12},"end":{"line":37,"column":null}},"17":{"start":{"line":34,"column":16},"end":{"line":36,"column":18}},"18":{"start":{"line":39,"column":27},"end":{"line":41,"column":null}},"19":{"start":{"line":39,"column":18},"end":{"line":41,"column":null}},"20":{"start":{"line":43,"column":12},"end":{"line":43,"column":33}},"21":{"start":{"line":44,"column":12},"end":{"line":44,"column":49}},"22":{"start":{"line":47,"column":12},"end":{"line":47,"column":26}},"23":{"start":{"line":49,"column":12},"end":{"line":51,"column":null}},"24":{"start":{"line":55,"column":10},"end":{"line":61,"column":null}},"25":{"start":{"line":57,"column":8},"end":{"line":57,"column":70}},"26":{"start":{"line":58,"column":8},"end":{"line":60,"column":10}},"27":{"start":{"line":63,"column":10},"end":{"line":83,"column":null}},"28":{"start":{"line":68,"column":27},"end":{"line":68,"column":null}},"29":{"start":{"line":68,"column":18},"end":{"line":68,"column":null}},"30":{"start":{"line":70,"column":12},"end":{"line":70,"column":61}},"31":{"start":{"line":71,"column":12},"end":{"line":71,"column":55}},"32":{"start":{"line":72,"column":12},"end":{"line":72,"column":69}},"33":{"start":{"line":74,"column":12},"end":{"line":74,"column":53}},"34":{"start":{"line":77,"column":12},"end":{"line":77,"column":26}},"35":{"start":{"line":79,"column":12},"end":{"line":81,"column":null}},"36":{"start":{"line":85,"column":0},"end":{"line":85,"column":null}},"37":{"start":{"line":9,"column":13},"end":{"line":9,"column":29}}},"fnMap":{"0":{"name":"(anonymous_14)","decl":{"start":{"line":9,"column":0},"end":{"line":9,"column":13}},"loc":{"start":{"line":9,"column":0},"end":{"line":85,"column":null}}},"1":{"name":"(anonymous_16)","decl":{"start":{"line":14,"column":4},"end":{"line":14,"column":10}},"loc":{"start":{"line":14,"column":70},"end":{"line":18,"column":null}}},"2":{"name":"(anonymous_19)","decl":{"start":{"line":20,"column":4},"end":{"line":20,"column":10}},"loc":{"start":{"line":20,"column":70},"end":{"line":23,"column":null}}},"3":{"name":"(anonymous_22)","decl":{"start":{"line":25,"column":4},"end":{"line":25,"column":10}},"loc":{"start":{"line":25,"column":70},"end":{"line":53,"column":null}}},"4":{"name":"(anonymous_25)","decl":{"start":{"line":55,"column":4},"end":{"line":55,"column":10}},"loc":{"start":{"line":55,"column":73},"end":{"line":61,"column":null}}},"5":{"name":"(anonymous_28)","decl":{"start":{"line":63,"column":4},"end":{"line":63,"column":10}},"loc":{"start":{"line":63,"column":73},"end":{"line":83,"column":null}}}},"branchMap":{"0":{"loc":{"start":{"line":28,"column":12},"end":{"line":32,"column":null}},"type":"if","locations":[{"start":{"line":28,"column":12},"end":{"line":32,"column":null}},{"start":{"line":28,"column":12},"end":{"line":32,"column":null}}]},"1":{"loc":{"start":{"line":33,"column":12},"end":{"line":37,"column":null}},"type":"if","locations":[{"start":{"line":33,"column":12},"end":{"line":37,"column":null}},{"start":{"line":33,"column":12},"end":{"line":37,"column":null}}]}},"s":{"0":1,"1":1,"2":1,"3":1,"4":1,"5":0,"6":0,"7":1,"8":0,"9":1,"10":0,"11":1,"12":0,"13":0,"14":0,"15":0,"16":0,"17":0,"18":0,"19":0,"20":0,"21":0,"22":0,"23":0,"24":1,"25":0,"26":0,"27":1,"28":0,"29":0,"30":0,"31":0,"32":0,"33":0,"34":0,"35":0,"36":1,"37":1},"f":{"0":1,"1":0,"2":0,"3":0,"4":0,"5":0},"b":{"0":[0,0],"1":[0,0]}}
,"/home/thenasker/projects/typeorm-test/src/modules/User/index.ts": {"path":"/home/thenasker/projects/typeorm-test/src/modules/User/index.ts","statementMap":{"0":{"start":{"line":1,"column":0},"end":{"line":1,"column":9}},"1":{"start":{"line":1,"column":9},"end":{"line":1,"column":50}},"2":{"start":{"line":2,"column":0},"end":{"line":2,"column":9}},"3":{"start":{"line":2,"column":9},"end":{"line":2,"column":37}},"4":{"start":{"line":3,"column":0},"end":{"line":3,"column":9}},"5":{"start":{"line":3,"column":9},"end":{"line":3,"column":43}}},"fnMap":{},"branchMap":{},"s":{"0":1,"1":1,"2":1,"3":1,"4":1,"5":1},"f":{},"b":{}}
,"/home/thenasker/projects/typeorm-test/src/modules/User/user.entity.ts": {"path":"/home/thenasker/projects/typeorm-test/src/modules/User/user.entity.ts","statementMap":{"0":{"start":{"line":1,"column":0},"end":{"line":1,"column":92}},"1":{"start":{"line":2,"column":0},"end":{"line":2,"column":33}},"2":{"start":{"line":3,"column":0},"end":{"line":3,"column":49}},"3":{"start":{"line":4,"column":0},"end":{"line":4,"column":46}},"4":{"start":{"line":6,"column":0},"end":{"line":6,"column":null}},"5":{"start":{"line":7,"column":4},"end":{"line":7,"column":null}},"6":{"start":{"line":8,"column":4},"end":{"line":8,"column":null}},"7":{"start":{"line":13,"column":0},"end":{"line":13,"column":13}},"8":{"start":{"line":39,"column":10},"end":{"line":41,"column":null}},"9":{"start":{"line":40,"column":15},"end":{"line":40,"column":61}},"10":{"start":{"line":40,"column":8},"end":{"line":40,"column":61}},"11":{"start":{"line":16,"column":4},"end":{"line":16,"column":null}},"12":{"start":{"line":19,"column":4},"end":{"line":19,"column":null}},"13":{"start":{"line":22,"column":4},"end":{"line":22,"column":null}},"14":{"start":{"line":25,"column":4},"end":{"line":25,"column":null}},"15":{"start":{"line":28,"column":4},"end":{"line":28,"column":null}},"16":{"start":{"line":31,"column":4},"end":{"line":31,"column":null}},"17":{"start":{"line":34,"column":4},"end":{"line":34,"column":null}},"18":{"start":{"line":33,"column":22},"end":{"line":33,"column":30}},"19":{"start":{"line":33,"column":40},"end":{"line":33,"column":53}},"20":{"start":{"line":37,"column":4},"end":{"line":37,"column":null}},"21":{"start":{"line":36,"column":23},"end":{"line":36,"column":30}},"22":{"start":{"line":36,"column":39},"end":{"line":36,"column":56}},"23":{"start":{"line":13,"column":13},"end":{"line":43,"column":null}},"24":{"start":{"line":43,"column":0},"end":{"line":43,"column":null}},"25":{"start":{"line":13,"column":13},"end":{"line":13,"column":17}}},"fnMap":{"0":{"name":"(anonymous_14)","decl":{"start":{"line":6,"column":0},"end":{"line":6,"column":12}},"loc":{"start":{"line":6,"column":20},"end":{"line":9,"column":1}}},"1":{"name":"(anonymous_15)","decl":{"start":{"line":13,"column":0},"end":{"line":13,"column":13}},"loc":{"start":{"line":13,"column":0},"end":{"line":13,"column":13}}},"2":{"name":"(anonymous_17)","decl":{"start":{"line":39,"column":4},"end":{"line":39,"column":10}},"loc":{"start":{"line":39,"column":43},"end":{"line":41,"column":null}}},"3":{"name":"(anonymous_20)","decl":{"start":{"line":33,"column":14},"end":{"line":33,"column":18}},"loc":{"start":{"line":33,"column":18},"end":{"line":33,"column":28}}},"4":{"name":"(anonymous_21)","decl":{"start":{"line":33,"column":30},"end":{"line":33,"column":36}},"loc":{"start":{"line":33,"column":36},"end":{"line":33,"column":46}}},"5":{"name":"(anonymous_22)","decl":{"start":{"line":36,"column":15},"end":{"line":36,"column":19}},"loc":{"start":{"line":36,"column":19},"end":{"line":36,"column":28}}},"6":{"name":"(anonymous_23)","decl":{"start":{"line":36,"column":30},"end":{"line":36,"column":35}},"loc":{"start":{"line":36,"column":35},"end":{"line":36,"column":44}}}},"branchMap":{"0":{"loc":{"start":{"line":6,"column":12},"end":{"line":6,"column":20}},"type":"binary-expr","locations":[{"start":{"line":6,"column":12},"end":{"line":6,"column":20}},{"start":{"line":6,"column":12},"end":{"line":6,"column":null}}]},"1":{"loc":{"start":{"line":40,"column":15},"end":{"line":40,"column":61}},"type":"switch","locations":[{"start":{"line":40,"column":15},"end":{"line":40,"column":61}},{"start":{"line":40,"column":8},"end":{"line":40,"column":61}}]}},"s":{"0":1,"1":1,"2":1,"3":1,"4":1,"5":1,"6":1,"7":1,"8":1,"9":0,"10":0,"11":1,"12":1,"13":1,"14":1,"15":1,"16":1,"17":1,"18":1,"19":1,"20":1,"21":1,"22":1,"23":1,"24":1,"25":1},"f":{"0":1,"1":2,"2":0,"3":1,"4":1,"5":1,"6":1},"b":{"0":[1,1],"1":[0,0]}}
,"/home/thenasker/projects/typeorm-test/src/modules/User/user.routes.ts": {"path":"/home/thenasker/projects/typeorm-test/src/modules/User/user.routes.ts","statementMap":{"0":{"start":{"line":1,"column":0},"end":{"line":1,"column":48}},"1":{"start":{"line":3,"column":13},"end":{"line":38,"column":3}}},"fnMap":{},"branchMap":{},"s":{"0":1,"1":1},"f":{},"b":{}}
,"/home/thenasker/projects/typeorm-test/src/modules/User/userController.ts": {"path":"/home/thenasker/projects/typeorm-test/src/modules/User/userController.ts","statementMap":{"0":{"start":{"line":1,"column":0},"end":{"line":1,"column":38}},"1":{"start":{"line":3,"column":0},"end":{"line":3,"column":45}},"2":{"start":{"line":4,"column":0},"end":{"line":4,"column":36}},"3":{"start":{"line":5,"column":0},"end":{"line":5,"column":33}},"4":{"start":{"line":7,"column":0},"end":{"line":7,"column":13}},"5":{"start":{"line":9,"column":12},"end":{"line":9,"column":49}},"6":{"start":{"line":11,"column":10},"end":{"line":13,"column":null}},"7":{"start":{"line":12,"column":8},"end":{"line":12,"column":67}},"8":{"start":{"line":15,"column":10},"end":{"line":17,"column":null}},"9":{"start":{"line":16,"column":8},"end":{"line":16,"column":89}},"10":{"start":{"line":19,"column":10},"end":{"line":31,"column":null}},"11":{"start":{"line":21,"column":31},"end":{"line":21,"column":null}},"12":{"start":{"line":22,"column":19},"end":{"line":22,"column":null}},"13":{"start":{"line":23,"column":26},"end":{"line":23,"column":null}},"14":{"start":{"line":21,"column":25},"end":{"line":24,"column":null}},"15":{"start":{"line":21,"column":18},"end":{"line":24,"column":null}},"16":{"start":{"line":25,"column":12},"end":{"line":25,"column":24}},"17":{"start":{"line":27,"column":12},"end":{"line":29,"column":null}},"18":{"start":{"line":33,"column":10},"end":{"line":39,"column":null}},"19":{"start":{"line":34,"column":27},"end":{"line":34,"column":null}},"20":{"start":{"line":34,"column":12},"end":{"line":34,"column":null}},"21":{"start":{"line":35,"column":8},"end":{"line":35,"column":55}},"22":{"start":{"line":36,"column":8},"end":{"line":38,"column":10}},"23":{"start":{"line":41,"column":10},"end":{"line":45,"column":null}},"24":{"start":{"line":42,"column":8},"end":{"line":44,"column":10}},"25":{"start":{"line":47,"column":10},"end":{"line":71,"column":null}},"26":{"start":{"line":49,"column":21},"end":{"line":49,"column":null}},"27":{"start":{"line":49,"column":14},"end":{"line":49,"column":null}},"28":{"start":{"line":50,"column":8},"end":{"line":54,"column":null}},"29":{"start":{"line":51,"column":12},"end":{"line":53,"column":14}},"30":{"start":{"line":56,"column":27},"end":{"line":56,"column":null}},"31":{"start":{"line":56,"column":14},"end":{"line":56,"column":null}},"32":{"start":{"line":57,"column":8},"end":{"line":61,"column":null}},"33":{"start":{"line":58,"column":12},"end":{"line":60,"column":null}},"34":{"start":{"line":63,"column":14},"end":{"line":65,"column":11}},"35":{"start":{"line":67,"column":8},"end":{"line":70,"column":10}},"36":{"start":{"line":73,"column":18},"end":{"line":75,"column":null}},"37":{"start":{"line":74,"column":8},"end":{"line":74,"column":41}},"38":{"start":{"line":77,"column":0},"end":{"line":77,"column":null}},"39":{"start":{"line":7,"column":13},"end":{"line":7,"column":27}}},"fnMap":{"0":{"name":"(anonymous_14)","decl":{"start":{"line":7,"column":0},"end":{"line":7,"column":13}},"loc":{"start":{"line":7,"column":0},"end":{"line":77,"column":null}}},"1":{"name":"(anonymous_16)","decl":{"start":{"line":11,"column":4},"end":{"line":11,"column":10}},"loc":{"start":{"line":11,"column":70},"end":{"line":13,"column":null}}},"2":{"name":"(anonymous_19)","decl":{"start":{"line":15,"column":4},"end":{"line":15,"column":10}},"loc":{"start":{"line":15,"column":70},"end":{"line":17,"column":null}}},"3":{"name":"(anonymous_22)","decl":{"start":{"line":19,"column":4},"end":{"line":19,"column":10}},"loc":{"start":{"line":19,"column":79},"end":{"line":31,"column":null}}},"4":{"name":"(anonymous_25)","decl":{"start":{"line":33,"column":4},"end":{"line":33,"column":10}},"loc":{"start":{"line":33,"column":73},"end":{"line":39,"column":null}}},"5":{"name":"(anonymous_28)","decl":{"start":{"line":41,"column":4},"end":{"line":41,"column":10}},"loc":{"start":{"line":41,"column":53},"end":{"line":45,"column":null}}},"6":{"name":"(anonymous_31)","decl":{"start":{"line":47,"column":4},"end":{"line":47,"column":10}},"loc":{"start":{"line":47,"column":52},"end":{"line":71,"column":null}}},"7":{"name":"(anonymous_34)","decl":{"start":{"line":73,"column":4},"end":{"line":73,"column":18}},"loc":{"start":{"line":73,"column":47},"end":{"line":75,"column":null}}}},"branchMap":{"0":{"loc":{"start":{"line":21,"column":25},"end":{"line":24,"column":null}},"type":"switch","locations":[{"start":{"line":21,"column":25},"end":{"line":24,"column":null}}]},"1":{"loc":{"start":{"line":34,"column":27},"end":{"line":34,"column":null}},"type":"switch","locations":[{"start":{"line":34,"column":27},"end":{"line":34,"column":null}}]},"2":{"loc":{"start":{"line":49,"column":21},"end":{"line":49,"column":null}},"type":"switch","locations":[{"start":{"line":49,"column":21},"end":{"line":49,"column":null}}]},"3":{"loc":{"start":{"line":50,"column":8},"end":{"line":54,"column":null}},"type":"if","locations":[{"start":{"line":50,"column":8},"end":{"line":54,"column":null}},{"start":{"line":50,"column":8},"end":{"line":54,"column":null}}]},"4":{"loc":{"start":{"line":57,"column":8},"end":{"line":61,"column":null}},"type":"if","locations":[{"start":{"line":57,"column":8},"end":{"line":61,"column":null}},{"start":{"line":57,"column":8},"end":{"line":61,"column":null}}]}},"s":{"0":1,"1":1,"2":1,"3":1,"4":1,"5":0,"6":1,"7":0,"8":1,"9":0,"10":1,"11":0,"12":0,"13":0,"14":0,"15":0,"16":0,"17":0,"18":1,"19":0,"20":0,"21":0,"22":0,"23":1,"24":0,"25":1,"26":0,"27":0,"28":0,"29":0,"30":0,"31":0,"32":0,"33":0,"34":0,"35":0,"36":1,"37":0,"38":1,"39":1},"f":{"0":1,"1":0,"2":0,"3":0,"4":0,"5":0,"6":0,"7":0},"b":{"0":[0],"1":[0],"2":[0],"3":[0,0],"4":[0,0]}}
}
