TN:
SF:src/modules/index.ts
FNF:0
FNH:0
DA:1,1
DA:2,1
DA:3,1
DA:4,1
DA:5,1
DA:6,1
DA:7,1
DA:8,1
DA:9,1
DA:11,1
LF:10
LH:10
BRF:0
BRH:0
end_of_record
TN:
SF:src/modules/Offer/index.ts
FNF:0
FNH:0
DA:1,1
DA:2,1
DA:3,1
LF:3
LH:3
BRF:0
BRH:0
end_of_record
TN:
SF:src/modules/Offer/offer.entity.ts
FN:5,(anonymous_2)
FN:16,(anonymous_4)
FN:16,(anonymous_5)
FN:20,(anonymous_6)
FN:20,(anonymous_7)
FNF:5
FNH:5
FNDA:2,(anonymous_2)
FNDA:1,(anonymous_4)
FNDA:1,(anonymous_5)
FNDA:1,(anonymous_6)
FNDA:1,(anonymous_7)
DA:1,1
DA:2,1
DA:5,1
DA:8,1
DA:11,1
DA:14,1
DA:16,1
DA:18,1
DA:20,1
DA:22,1
DA:25,1
DA:28,1
DA:31,1
DA:33,1
LF:14
LH:14
BRF:0
BRH:0
end_of_record
TN:
SF:src/modules/Offer/offer.routes.ts
FNF:0
FNH:0
DA:1,1
DA:3,1
LF:2
LH:2
BRF:0
BRH:0
end_of_record
TN:
SF:src/modules/Offer/offerController.ts
FN:9,(anonymous_14)
FN:14,(anonymous_16)
FN:19,(anonymous_19)
FN:23,(anonymous_22)
FN:52,(anonymous_25)
FN:60,(anonymous_28)
FN:75,(anonymous_31)
FN:114,(anonymous_34)
FNF:8
FNH:1
FNDA:1,(anonymous_14)
FNDA:0,(anonymous_16)
FNDA:0,(anonymous_19)
FNDA:0,(anonymous_22)
FNDA:0,(anonymous_25)
FNDA:0,(anonymous_28)
FNDA:0,(anonymous_31)
FNDA:0,(anonymous_34)
DA:1,1
DA:3,1
DA:6,1
DA:7,1
DA:9,1
DA:11,0
DA:12,0
DA:14,1
DA:16,0
DA:19,1
DA:20,0
DA:23,1
DA:25,0
DA:26,0
DA:27,0
DA:31,0
DA:32,0
DA:37,0
DA:41,0
DA:42,0
DA:44,0
DA:46,0
DA:52,1
DA:54,0
DA:55,0
DA:60,1
DA:63,0
DA:64,0
DA:65,0
DA:67,0
DA:69,0
DA:75,1
DA:78,0
DA:79,0
DA:80,0
DA:84,0
DA:85,0
DA:90,0
DA:91,0
DA:92,0
DA:97,0
DA:98,0
DA:103,0
DA:104,0
DA:106,0
DA:108,0
DA:114,1
DA:117,0
DA:118,0
DA:119,0
DA:124,0
DA:125,0
DA:127,0
DA:129,0
DA:135,1
LF:55
LH:13
BRDA:26,0,0,0
BRDA:26,0,1,0
BRDA:31,1,0,0
BRDA:31,1,1,0
BRDA:79,2,0,0
BRDA:79,2,1,0
BRDA:84,3,0,0
BRDA:84,3,1,0
BRDA:91,4,0,0
BRDA:91,4,1,0
BRDA:97,5,0,0
BRDA:97,5,1,0
BRDA:118,6,0,0
BRDA:118,6,1,0
BRF:14
BRH:0
end_of_record
TN:
SF:src/modules/Resume/index.ts
FNF:0
FNH:0
DA:1,1
DA:2,1
DA:3,1
LF:3
LH:3
BRF:0
BRH:0
end_of_record
TN:
SF:src/modules/Resume/resume.entity.ts
FN:10,(anonymous_2)
FN:24,(anonymous_4)
FN:24,(anonymous_5)
FNF:3
FNH:3
FNDA:2,(anonymous_2)
FNDA:1,(anonymous_4)
FNDA:1,(anonymous_5)
DA:1,1
DA:2,1
DA:10,1
DA:13,1
DA:16,1
DA:19,1
DA:22,1
DA:24,1
DA:26,1
DA:29,1
DA:32,1
DA:34,1
LF:12
LH:12
BRF:0
BRH:0
end_of_record
TN:
SF:src/modules/Resume/resume.routes.ts
FNF:0
FNH:0
DA:1,1
DA:3,1
LF:2
LH:2
BRF:0
BRH:0
end_of_record
TN:
SF:src/modules/Resume/resumeController.ts
FN:9,(anonymous_14)
FN:14,(anonymous_16)
FN:20,(anonymous_19)
FN:25,(anonymous_22)
FN:55,(anonymous_25)
FN:63,(anonymous_28)
FNF:6
FNH:1
FNDA:1,(anonymous_14)
FNDA:0,(anonymous_16)
FNDA:0,(anonymous_19)
FNDA:0,(anonymous_22)
FNDA:0,(anonymous_25)
FNDA:0,(anonymous_28)
DA:1,1
DA:3,1
DA:6,1
DA:7,1
DA:9,1
DA:11,0
DA:12,0
DA:14,1
DA:17,0
DA:20,1
DA:22,0
DA:25,1
DA:27,0
DA:28,0
DA:29,0
DA:33,0
DA:34,0
DA:39,0
DA:43,0
DA:44,0
DA:47,0
DA:49,0
DA:55,1
DA:57,0
DA:58,0
DA:63,1
DA:68,0
DA:70,0
DA:71,0
DA:72,0
DA:74,0
DA:77,0
DA:79,0
DA:85,1
LF:34
LH:11
BRDA:28,0,0,0
BRDA:28,0,1,0
BRDA:33,1,0,0
BRDA:33,1,1,0
BRF:4
BRH:0
end_of_record
TN:
SF:src/modules/User/index.ts
FNF:0
FNH:0
DA:1,1
DA:2,1
DA:3,1
LF:3
LH:3
BRF:0
BRH:0
end_of_record
TN:
SF:src/modules/User/user.entity.ts
FN:6,(anonymous_14)
FN:13,(anonymous_15)
FN:39,(anonymous_17)
FN:33,(anonymous_20)
FN:33,(anonymous_21)
FN:36,(anonymous_22)
FN:36,(anonymous_23)
FNF:7
FNH:6
FNDA:1,(anonymous_14)
FNDA:2,(anonymous_15)
FNDA:0,(anonymous_17)
FNDA:1,(anonymous_20)
FNDA:1,(anonymous_21)
FNDA:1,(anonymous_22)
FNDA:1,(anonymous_23)
DA:1,1
DA:2,1
DA:3,1
DA:4,1
DA:6,1
DA:7,1
DA:8,1
DA:13,1
DA:16,1
DA:19,1
DA:22,1
DA:25,1
DA:28,1
DA:31,1
DA:33,1
DA:34,1
DA:36,1
DA:37,1
DA:39,1
DA:40,0
DA:43,1
LF:21
LH:20
BRDA:6,0,0,1
BRDA:6,0,1,1
BRDA:40,1,0,0
BRDA:40,1,1,0
BRF:4
BRH:2
end_of_record
TN:
SF:src/modules/User/user.routes.ts
FNF:0
FNH:0
DA:1,1
DA:3,1
LF:2
LH:2
BRF:0
BRH:0
end_of_record
TN:
SF:src/modules/User/userController.ts
FN:7,(anonymous_14)
FN:11,(anonymous_16)
FN:15,(anonymous_19)
FN:19,(anonymous_22)
FN:33,(anonymous_25)
FN:41,(anonymous_28)
FN:47,(anonymous_31)
FN:73,(anonymous_34)
FNF:8
FNH:1
FNDA:1,(anonymous_14)
FNDA:0,(anonymous_16)
FNDA:0,(anonymous_19)
FNDA:0,(anonymous_22)
FNDA:0,(anonymous_25)
FNDA:0,(anonymous_28)
FNDA:0,(anonymous_31)
FNDA:0,(anonymous_34)
DA:1,1
DA:3,1
DA:4,1
DA:5,1
DA:7,1
DA:9,0
DA:11,1
DA:12,0
DA:15,1
DA:16,0
DA:19,1
DA:21,0
DA:22,0
DA:23,0
DA:25,0
DA:27,0
DA:33,1
DA:34,0
DA:35,0
DA:36,0
DA:41,1
DA:42,0
DA:47,1
DA:49,0
DA:50,0
DA:51,0
DA:56,0
DA:57,0
DA:58,0
DA:63,0
DA:67,0
DA:73,1
DA:74,0
DA:77,1
LF:34
LH:13
BRDA:21,0,0,0
BRDA:34,1,0,0
BRDA:49,2,0,0
BRDA:50,3,0,0
BRDA:50,3,1,0
BRDA:57,4,0,0
BRDA:57,4,1,0
BRF:7
BRH:0
end_of_record
